2024-08-13T00:20:08.063+03:00  INFO 74856 --- [EffectiveMobile] [main] r.t.e.EffectiveMobileApplication         : Starting EffectiveMobileApplication using Java 17.0.5 with PID 74856 (C:\Users\e_tatarinov\IdeaProjects\EffectiveMobile\target\classes started by e_tatarinov in C:\Users\e_tatarinov\IdeaProjects\EffectiveMobile)
2024-08-13T00:20:08.078+03:00  INFO 74856 --- [EffectiveMobile] [main] r.t.e.EffectiveMobileApplication         : No active profile set, falling back to 1 default profile: "default"
2024-08-13T00:20:09.572+03:00  INFO 74856 --- [EffectiveMobile] [main] .s.d.r.c.RepositoryConfigurationDelegate : Bootstrapping Spring Data JPA repositories in DEFAULT mode.
2024-08-13T00:20:09.658+03:00  INFO 74856 --- [EffectiveMobile] [main] .s.d.r.c.RepositoryConfigurationDelegate : Finished Spring Data repository scanning in 73 ms. Found 2 JPA repository interfaces.
2024-08-13T00:20:10.500+03:00  INFO 74856 --- [EffectiveMobile] [main] o.s.b.w.embedded.tomcat.TomcatWebServer  : Tomcat initialized with port 8080 (http)
2024-08-13T00:20:10.519+03:00  INFO 74856 --- [EffectiveMobile] [main] o.apache.catalina.core.StandardService   : Starting service [Tomcat]
2024-08-13T00:20:10.520+03:00  INFO 74856 --- [EffectiveMobile] [main] o.apache.catalina.core.StandardEngine    : Starting Servlet engine: [Apache Tomcat/10.1.26]
2024-08-13T00:20:10.613+03:00  INFO 74856 --- [EffectiveMobile] [main] o.a.c.c.C.[Tomcat].[localhost].[/]       : Initializing Spring embedded WebApplicationContext
2024-08-13T00:20:10.614+03:00  INFO 74856 --- [EffectiveMobile] [main] w.s.c.ServletWebServerApplicationContext : Root WebApplicationContext: initialization completed in 2376 ms
2024-08-13T00:20:10.865+03:00  INFO 74856 --- [EffectiveMobile] [main] com.zaxxer.hikari.HikariDataSource       : HikariPool-1 - Starting...
2024-08-13T00:20:11.120+03:00  INFO 74856 --- [EffectiveMobile] [main] com.zaxxer.hikari.pool.HikariPool        : HikariPool-1 - Added connection org.postgresql.jdbc.PgConnection@5ba90d8a
2024-08-13T00:20:11.123+03:00  INFO 74856 --- [EffectiveMobile] [main] com.zaxxer.hikari.HikariDataSource       : HikariPool-1 - Start completed.
2024-08-13T00:20:11.213+03:00  INFO 74856 --- [EffectiveMobile] [main] o.hibernate.jpa.internal.util.LogHelper  : HHH000204: Processing PersistenceUnitInfo [name: default]
2024-08-13T00:20:11.392+03:00  INFO 74856 --- [EffectiveMobile] [main] org.hibernate.Version                    : HHH000412: Hibernate ORM core version 6.5.2.Final
2024-08-13T00:20:11.520+03:00  INFO 74856 --- [EffectiveMobile] [main] o.h.c.internal.RegionFactoryInitiator    : HHH000026: Second-level cache disabled
2024-08-13T00:20:12.276+03:00  INFO 74856 --- [EffectiveMobile] [main] o.s.o.j.p.SpringPersistenceUnitInfo      : No LoadTimeWeaver setup: ignoring JPA class transformer
2024-08-13T00:20:12.429+03:00  WARN 74856 --- [EffectiveMobile] [main] org.hibernate.orm.deprecation            : HHH90000025: PostgreSQLDialect does not need to be specified explicitly using 'hibernate.dialect' (remove the property setting and it will be selected by default)
2024-08-13T00:20:13.946+03:00  INFO 74856 --- [EffectiveMobile] [main] o.h.e.t.j.p.i.JtaPlatformInitiator       : HHH000489: No JTA platform available (set 'hibernate.transaction.jta.platform' to enable JTA platform integration)
2024-08-13T00:20:13.950+03:00  INFO 74856 --- [EffectiveMobile] [main] j.LocalContainerEntityManagerFactoryBean : Initialized JPA EntityManagerFactory for persistence unit 'default'
2024-08-13T00:20:14.388+03:00  WARN 74856 --- [EffectiveMobile] [main] ConfigServletWebServerApplicationContext : Exception encountered during context initialization - cancelling refresh attempt: org.springframework.beans.factory.UnsatisfiedDependencyException: Error creating bean with name 'taskService' defined in file [C:\Users\e_tatarinov\IdeaProjects\EffectiveMobile\target\classes\ru\tatarinov\effectivemobile\service\TaskService.class]: Unsatisfied dependency expressed through constructor parameter 0: Error creating bean with name 'taskRepository' defined in ru.tatarinov.effectivemobile.repository.TaskRepository defined in @EnableJpaRepositories declared on JpaRepositoriesRegistrar.EnableJpaRepositoriesConfiguration: Could not create query for public abstract java.util.List ru.tatarinov.effectivemobile.repository.TaskRepository.getTasksByExecutor(int); Reason: Failed to create query for method public abstract java.util.List ru.tatarinov.effectivemobile.repository.TaskRepository.getTasksByExecutor(int); Cannot compare left expression of type 'ru.tatarinov.effectivemobile.model.User' with right expression of type 'java.lang.Integer'
2024-08-13T00:20:14.388+03:00  INFO 74856 --- [EffectiveMobile] [main] j.LocalContainerEntityManagerFactoryBean : Closing JPA EntityManagerFactory for persistence unit 'default'
2024-08-13T00:20:14.392+03:00  INFO 74856 --- [EffectiveMobile] [main] com.zaxxer.hikari.HikariDataSource       : HikariPool-1 - Shutdown initiated...
2024-08-13T00:20:14.399+03:00  INFO 74856 --- [EffectiveMobile] [main] com.zaxxer.hikari.HikariDataSource       : HikariPool-1 - Shutdown completed.
2024-08-13T00:20:14.405+03:00  INFO 74856 --- [EffectiveMobile] [main] o.apache.catalina.core.StandardService   : Stopping service [Tomcat]
2024-08-13T00:20:14.465+03:00  INFO 74856 --- [EffectiveMobile] [main] .s.b.a.l.ConditionEvaluationReportLogger : 

Error starting ApplicationContext. To display the condition evaluation report re-run your application with 'debug' enabled.
2024-08-13T00:20:14.499+03:00 ERROR 74856 --- [EffectiveMobile] [main] o.s.boot.SpringApplication               : Application run failed

org.springframework.beans.factory.UnsatisfiedDependencyException: Error creating bean with name 'taskService' defined in file [C:\Users\e_tatarinov\IdeaProjects\EffectiveMobile\target\classes\ru\tatarinov\effectivemobile\service\TaskService.class]: Unsatisfied dependency expressed through constructor parameter 0: Error creating bean with name 'taskRepository' defined in ru.tatarinov.effectivemobile.repository.TaskRepository defined in @EnableJpaRepositories declared on JpaRepositoriesRegistrar.EnableJpaRepositoriesConfiguration: Could not create query for public abstract java.util.List ru.tatarinov.effectivemobile.repository.TaskRepository.getTasksByExecutor(int); Reason: Failed to create query for method public abstract java.util.List ru.tatarinov.effectivemobile.repository.TaskRepository.getTasksByExecutor(int); Cannot compare left expression of type 'ru.tatarinov.effectivemobile.model.User' with right expression of type 'java.lang.Integer'
	at org.springframework.beans.factory.support.ConstructorResolver.createArgumentArray(ConstructorResolver.java:795) ~[spring-beans-6.1.11.jar:6.1.11]
	at org.springframework.beans.factory.support.ConstructorResolver.autowireConstructor(ConstructorResolver.java:237) ~[spring-beans-6.1.11.jar:6.1.11]
	at org.springframework.beans.factory.support.AbstractAutowireCapableBeanFactory.autowireConstructor(AbstractAutowireCapableBeanFactory.java:1375) ~[spring-beans-6.1.11.jar:6.1.11]
	at org.springframework.beans.factory.support.AbstractAutowireCapableBeanFactory.createBeanInstance(AbstractAutowireCapableBeanFactory.java:1212) ~[spring-beans-6.1.11.jar:6.1.11]
	at org.springframework.beans.factory.support.AbstractAutowireCapableBeanFactory.doCreateBean(AbstractAutowireCapableBeanFactory.java:562) ~[spring-beans-6.1.11.jar:6.1.11]
	at org.springframework.beans.factory.support.AbstractAutowireCapableBeanFactory.createBean(AbstractAutowireCapableBeanFactory.java:522) ~[spring-beans-6.1.11.jar:6.1.11]
	at org.springframework.beans.factory.support.AbstractBeanFactory.lambda$doGetBean$0(AbstractBeanFactory.java:337) ~[spring-beans-6.1.11.jar:6.1.11]
	at org.springframework.beans.factory.support.DefaultSingletonBeanRegistry.getSingleton(DefaultSingletonBeanRegistry.java:234) ~[spring-beans-6.1.11.jar:6.1.11]
	at org.springframework.beans.factory.support.AbstractBeanFactory.doGetBean(AbstractBeanFactory.java:335) ~[spring-beans-6.1.11.jar:6.1.11]
	at org.springframework.beans.factory.support.AbstractBeanFactory.getBean(AbstractBeanFactory.java:200) ~[spring-beans-6.1.11.jar:6.1.11]
	at org.springframework.beans.factory.support.DefaultListableBeanFactory.preInstantiateSingletons(DefaultListableBeanFactory.java:975) ~[spring-beans-6.1.11.jar:6.1.11]
	at org.springframework.context.support.AbstractApplicationContext.finishBeanFactoryInitialization(AbstractApplicationContext.java:971) ~[spring-context-6.1.11.jar:6.1.11]
	at org.springframework.context.support.AbstractApplicationContext.refresh(AbstractApplicationContext.java:625) ~[spring-context-6.1.11.jar:6.1.11]
	at org.springframework.boot.web.servlet.context.ServletWebServerApplicationContext.refresh(ServletWebServerApplicationContext.java:146) ~[spring-boot-3.3.2.jar:3.3.2]
	at org.springframework.boot.SpringApplication.refresh(SpringApplication.java:754) ~[spring-boot-3.3.2.jar:3.3.2]
	at org.springframework.boot.SpringApplication.refreshContext(SpringApplication.java:456) ~[spring-boot-3.3.2.jar:3.3.2]
	at org.springframework.boot.SpringApplication.run(SpringApplication.java:335) ~[spring-boot-3.3.2.jar:3.3.2]
	at org.springframework.boot.SpringApplication.run(SpringApplication.java:1363) ~[spring-boot-3.3.2.jar:3.3.2]
	at org.springframework.boot.SpringApplication.run(SpringApplication.java:1352) ~[spring-boot-3.3.2.jar:3.3.2]
	at ru.tatarinov.effectivemobile.EffectiveMobileApplication.main(EffectiveMobileApplication.java:10) ~[classes/:na]
Caused by: org.springframework.beans.factory.BeanCreationException: Error creating bean with name 'taskRepository' defined in ru.tatarinov.effectivemobile.repository.TaskRepository defined in @EnableJpaRepositories declared on JpaRepositoriesRegistrar.EnableJpaRepositoriesConfiguration: Could not create query for public abstract java.util.List ru.tatarinov.effectivemobile.repository.TaskRepository.getTasksByExecutor(int); Reason: Failed to create query for method public abstract java.util.List ru.tatarinov.effectivemobile.repository.TaskRepository.getTasksByExecutor(int); Cannot compare left expression of type 'ru.tatarinov.effectivemobile.model.User' with right expression of type 'java.lang.Integer'
	at org.springframework.beans.factory.support.AbstractAutowireCapableBeanFactory.initializeBean(AbstractAutowireCapableBeanFactory.java:1806) ~[spring-beans-6.1.11.jar:6.1.11]
	at org.springframework.beans.factory.support.AbstractAutowireCapableBeanFactory.doCreateBean(AbstractAutowireCapableBeanFactory.java:600) ~[spring-beans-6.1.11.jar:6.1.11]
	at org.springframework.beans.factory.support.AbstractAutowireCapableBeanFactory.createBean(AbstractAutowireCapableBeanFactory.java:522) ~[spring-beans-6.1.11.jar:6.1.11]
	at org.springframework.beans.factory.support.AbstractBeanFactory.lambda$doGetBean$0(AbstractBeanFactory.java:337) ~[spring-beans-6.1.11.jar:6.1.11]
	at org.springframework.beans.factory.support.DefaultSingletonBeanRegistry.getSingleton(DefaultSingletonBeanRegistry.java:234) ~[spring-beans-6.1.11.jar:6.1.11]
	at org.springframework.beans.factory.support.AbstractBeanFactory.doGetBean(AbstractBeanFactory.java:335) ~[spring-beans-6.1.11.jar:6.1.11]
	at org.springframework.beans.factory.support.AbstractBeanFactory.getBean(AbstractBeanFactory.java:200) ~[spring-beans-6.1.11.jar:6.1.11]
	at org.springframework.beans.factory.config.DependencyDescriptor.resolveCandidate(DependencyDescriptor.java:254) ~[spring-beans-6.1.11.jar:6.1.11]
	at org.springframework.beans.factory.support.DefaultListableBeanFactory.doResolveDependency(DefaultListableBeanFactory.java:1443) ~[spring-beans-6.1.11.jar:6.1.11]
	at org.springframework.beans.factory.support.DefaultListableBeanFactory.resolveDependency(DefaultListableBeanFactory.java:1353) ~[spring-beans-6.1.11.jar:6.1.11]
	at org.springframework.beans.factory.support.ConstructorResolver.resolveAutowiredArgument(ConstructorResolver.java:904) ~[spring-beans-6.1.11.jar:6.1.11]
	at org.springframework.beans.factory.support.ConstructorResolver.createArgumentArray(ConstructorResolver.java:782) ~[spring-beans-6.1.11.jar:6.1.11]
	... 19 common frames omitted
Caused by: org.springframework.data.repository.query.QueryCreationException: Could not create query for public abstract java.util.List ru.tatarinov.effectivemobile.repository.TaskRepository.getTasksByExecutor(int); Reason: Failed to create query for method public abstract java.util.List ru.tatarinov.effectivemobile.repository.TaskRepository.getTasksByExecutor(int); Cannot compare left expression of type 'ru.tatarinov.effectivemobile.model.User' with right expression of type 'java.lang.Integer'
	at org.springframework.data.repository.query.QueryCreationException.create(QueryCreationException.java:101) ~[spring-data-commons-3.3.2.jar:3.3.2]
	at org.springframework.data.repository.core.support.QueryExecutorMethodInterceptor.lookupQuery(QueryExecutorMethodInterceptor.java:115) ~[spring-data-commons-3.3.2.jar:3.3.2]
	at org.springframework.data.repository.core.support.QueryExecutorMethodInterceptor.mapMethodsToQuery(QueryExecutorMethodInterceptor.java:99) ~[spring-data-commons-3.3.2.jar:3.3.2]
	at org.springframework.data.repository.core.support.QueryExecutorMethodInterceptor.lambda$new$0(QueryExecutorMethodInterceptor.java:88) ~[spring-data-commons-3.3.2.jar:3.3.2]
	at java.base/java.util.Optional.map(Optional.java:260) ~[na:na]
	at org.springframework.data.repository.core.support.QueryExecutorMethodInterceptor.<init>(QueryExecutorMethodInterceptor.java:88) ~[spring-data-commons-3.3.2.jar:3.3.2]
	at org.springframework.data.repository.core.support.RepositoryFactorySupport.getRepository(RepositoryFactorySupport.java:357) ~[spring-data-commons-3.3.2.jar:3.3.2]
	at org.springframework.data.repository.core.support.RepositoryFactoryBeanSupport.lambda$afterPropertiesSet$5(RepositoryFactoryBeanSupport.java:286) ~[spring-data-commons-3.3.2.jar:3.3.2]
	at org.springframework.data.util.Lazy.getNullable(Lazy.java:135) ~[spring-data-commons-3.3.2.jar:3.3.2]
	at org.springframework.data.util.Lazy.get(Lazy.java:113) ~[spring-data-commons-3.3.2.jar:3.3.2]
	at org.springframework.data.repository.core.support.RepositoryFactoryBeanSupport.afterPropertiesSet(RepositoryFactoryBeanSupport.java:292) ~[spring-data-commons-3.3.2.jar:3.3.2]
	at org.springframework.data.jpa.repository.support.JpaRepositoryFactoryBean.afterPropertiesSet(JpaRepositoryFactoryBean.java:132) ~[spring-data-jpa-3.3.2.jar:3.3.2]
	at org.springframework.beans.factory.support.AbstractAutowireCapableBeanFactory.invokeInitMethods(AbstractAutowireCapableBeanFactory.java:1853) ~[spring-beans-6.1.11.jar:6.1.11]
	at org.springframework.beans.factory.support.AbstractAutowireCapableBeanFactory.initializeBean(AbstractAutowireCapableBeanFactory.java:1802) ~[spring-beans-6.1.11.jar:6.1.11]
	... 30 common frames omitted
Caused by: java.lang.IllegalArgumentException: Failed to create query for method public abstract java.util.List ru.tatarinov.effectivemobile.repository.TaskRepository.getTasksByExecutor(int); Cannot compare left expression of type 'ru.tatarinov.effectivemobile.model.User' with right expression of type 'java.lang.Integer'
	at org.springframework.data.jpa.repository.query.PartTreeJpaQuery.<init>(PartTreeJpaQuery.java:107) ~[spring-data-jpa-3.3.2.jar:3.3.2]
	at org.springframework.data.jpa.repository.query.JpaQueryLookupStrategy$CreateQueryLookupStrategy.resolveQuery(JpaQueryLookupStrategy.java:124) ~[spring-data-jpa-3.3.2.jar:3.3.2]
	at org.springframework.data.jpa.repository.query.JpaQueryLookupStrategy$CreateIfNotFoundQueryLookupStrategy.resolveQuery(JpaQueryLookupStrategy.java:258) ~[spring-data-jpa-3.3.2.jar:3.3.2]
	at org.springframework.data.jpa.repository.query.JpaQueryLookupStrategy$AbstractQueryLookupStrategy.resolveQuery(JpaQueryLookupStrategy.java:95) ~[spring-data-jpa-3.3.2.jar:3.3.2]
	at org.springframework.data.repository.core.support.QueryExecutorMethodInterceptor.lookupQuery(QueryExecutorMethodInterceptor.java:111) ~[spring-data-commons-3.3.2.jar:3.3.2]
	... 42 common frames omitted
Caused by: org.hibernate.query.SemanticException: Cannot compare left expression of type 'ru.tatarinov.effectivemobile.model.User' with right expression of type 'java.lang.Integer'
	at org.hibernate.query.sqm.internal.TypecheckUtil.assertComparable(TypecheckUtil.java:358) ~[hibernate-core-6.5.2.Final.jar:6.5.2.Final]
	at org.hibernate.query.sqm.tree.predicate.SqmComparisonPredicate.<init>(SqmComparisonPredicate.java:48) ~[hibernate-core-6.5.2.Final.jar:6.5.2.Final]
	at org.hibernate.query.sqm.tree.predicate.SqmComparisonPredicate.<init>(SqmComparisonPredicate.java:34) ~[hibernate-core-6.5.2.Final.jar:6.5.2.Final]
	at org.hibernate.query.sqm.internal.SqmCriteriaNodeBuilder.equal(SqmCriteriaNodeBuilder.java:2143) ~[hibernate-core-6.5.2.Final.jar:6.5.2.Final]
	at org.hibernate.query.sqm.internal.SqmCriteriaNodeBuilder.equal(SqmCriteriaNodeBuilder.java:190) ~[hibernate-core-6.5.2.Final.jar:6.5.2.Final]
	at org.springframework.data.jpa.repository.query.JpaQueryCreator$PredicateBuilder.build(JpaQueryCreator.java:312) ~[spring-data-jpa-3.3.2.jar:3.3.2]
	at org.springframework.data.jpa.repository.query.JpaQueryCreator.toPredicate(JpaQueryCreator.java:210) ~[spring-data-jpa-3.3.2.jar:3.3.2]
	at org.springframework.data.jpa.repository.query.JpaQueryCreator.create(JpaQueryCreator.java:121) ~[spring-data-jpa-3.3.2.jar:3.3.2]
	at org.springframework.data.jpa.repository.query.JpaQueryCreator.create(JpaQueryCreator.java:1) ~[spring-data-jpa-3.3.2.jar:3.3.2]
	at org.springframework.data.repository.query.parser.AbstractQueryCreator.createCriteria(AbstractQueryCreator.java:119) ~[spring-data-commons-3.3.2.jar:3.3.2]
	at org.springframework.data.repository.query.parser.AbstractQueryCreator.createQuery(AbstractQueryCreator.java:95) ~[spring-data-commons-3.3.2.jar:3.3.2]
	at org.springframework.data.repository.query.parser.AbstractQueryCreator.createQuery(AbstractQueryCreator.java:81) ~[spring-data-commons-3.3.2.jar:3.3.2]
	at org.springframework.data.jpa.repository.query.PartTreeJpaQuery$QueryPreparer.<init>(PartTreeJpaQuery.java:224) ~[spring-data-jpa-3.3.2.jar:3.3.2]
	at org.springframework.data.jpa.repository.query.PartTreeJpaQuery$CountQueryPreparer.<init>(PartTreeJpaQuery.java:370) ~[spring-data-jpa-3.3.2.jar:3.3.2]
	at org.springframework.data.jpa.repository.query.PartTreeJpaQuery.<init>(PartTreeJpaQuery.java:103) ~[spring-data-jpa-3.3.2.jar:3.3.2]
	... 46 common frames omitted

2024-08-13T00:21:52.750+03:00  INFO 77156 --- [EffectiveMobile] [main] r.t.e.EffectiveMobileApplication         : Starting EffectiveMobileApplication using Java 17.0.5 with PID 77156 (C:\Users\e_tatarinov\IdeaProjects\EffectiveMobile\target\classes started by e_tatarinov in C:\Users\e_tatarinov\IdeaProjects\EffectiveMobile)
2024-08-13T00:21:52.755+03:00  INFO 77156 --- [EffectiveMobile] [main] r.t.e.EffectiveMobileApplication         : No active profile set, falling back to 1 default profile: "default"
2024-08-13T00:21:54.397+03:00  INFO 77156 --- [EffectiveMobile] [main] .s.d.r.c.RepositoryConfigurationDelegate : Bootstrapping Spring Data JPA repositories in DEFAULT mode.
2024-08-13T00:21:54.482+03:00  INFO 77156 --- [EffectiveMobile] [main] .s.d.r.c.RepositoryConfigurationDelegate : Finished Spring Data repository scanning in 72 ms. Found 2 JPA repository interfaces.
2024-08-13T00:21:56.128+03:00  INFO 77156 --- [EffectiveMobile] [main] o.s.b.w.embedded.tomcat.TomcatWebServer  : Tomcat initialized with port 8080 (http)
2024-08-13T00:21:56.156+03:00  INFO 77156 --- [EffectiveMobile] [main] o.apache.catalina.core.StandardService   : Starting service [Tomcat]
2024-08-13T00:21:56.157+03:00  INFO 77156 --- [EffectiveMobile] [main] o.apache.catalina.core.StandardEngine    : Starting Servlet engine: [Apache Tomcat/10.1.26]
2024-08-13T00:21:56.295+03:00  INFO 77156 --- [EffectiveMobile] [main] o.a.c.c.C.[Tomcat].[localhost].[/]       : Initializing Spring embedded WebApplicationContext
2024-08-13T00:21:56.295+03:00  INFO 77156 --- [EffectiveMobile] [main] w.s.c.ServletWebServerApplicationContext : Root WebApplicationContext: initialization completed in 2873 ms
2024-08-13T00:21:57.063+03:00  INFO 77156 --- [EffectiveMobile] [main] com.zaxxer.hikari.HikariDataSource       : HikariPool-1 - Starting...
2024-08-13T00:21:57.657+03:00  INFO 77156 --- [EffectiveMobile] [main] com.zaxxer.hikari.pool.HikariPool        : HikariPool-1 - Added connection org.postgresql.jdbc.PgConnection@5ba90d8a
2024-08-13T00:21:57.661+03:00  INFO 77156 --- [EffectiveMobile] [main] com.zaxxer.hikari.HikariDataSource       : HikariPool-1 - Start completed.
2024-08-13T00:21:57.784+03:00  INFO 77156 --- [EffectiveMobile] [main] o.hibernate.jpa.internal.util.LogHelper  : HHH000204: Processing PersistenceUnitInfo [name: default]
2024-08-13T00:21:58.102+03:00  INFO 77156 --- [EffectiveMobile] [main] org.hibernate.Version                    : HHH000412: Hibernate ORM core version 6.5.2.Final
2024-08-13T00:21:58.234+03:00  INFO 77156 --- [EffectiveMobile] [main] o.h.c.internal.RegionFactoryInitiator    : HHH000026: Second-level cache disabled
2024-08-13T00:21:59.160+03:00  INFO 77156 --- [EffectiveMobile] [main] o.s.o.j.p.SpringPersistenceUnitInfo      : No LoadTimeWeaver setup: ignoring JPA class transformer
2024-08-13T00:21:59.311+03:00  WARN 77156 --- [EffectiveMobile] [main] org.hibernate.orm.deprecation            : HHH90000025: PostgreSQLDialect does not need to be specified explicitly using 'hibernate.dialect' (remove the property setting and it will be selected by default)
2024-08-13T00:22:04.151+03:00  INFO 77156 --- [EffectiveMobile] [main] o.h.e.t.j.p.i.JtaPlatformInitiator       : HHH000489: No JTA platform available (set 'hibernate.transaction.jta.platform' to enable JTA platform integration)
2024-08-13T00:22:04.163+03:00  INFO 77156 --- [EffectiveMobile] [main] j.LocalContainerEntityManagerFactoryBean : Initialized JPA EntityManagerFactory for persistence unit 'default'
2024-08-13T00:22:04.768+03:00  WARN 77156 --- [EffectiveMobile] [main] ConfigServletWebServerApplicationContext : Exception encountered during context initialization - cancelling refresh attempt: org.springframework.beans.factory.UnsatisfiedDependencyException: Error creating bean with name 'taskService' defined in file [C:\Users\e_tatarinov\IdeaProjects\EffectiveMobile\target\classes\ru\tatarinov\effectivemobile\service\TaskService.class]: Unsatisfied dependency expressed through constructor parameter 0: Error creating bean with name 'taskRepository' defined in ru.tatarinov.effectivemobile.repository.TaskRepository defined in @EnableJpaRepositories declared on JpaRepositoriesRegistrar.EnableJpaRepositoriesConfiguration: Could not create query for public abstract java.util.List ru.tatarinov.effectivemobile.repository.TaskRepository.getTasksByExecutor(java.lang.Integer); Reason: Failed to create query for method public abstract java.util.List ru.tatarinov.effectivemobile.repository.TaskRepository.getTasksByExecutor(java.lang.Integer); Cannot compare left expression of type 'ru.tatarinov.effectivemobile.model.User' with right expression of type 'java.lang.Integer'
2024-08-13T00:22:04.769+03:00  INFO 77156 --- [EffectiveMobile] [main] j.LocalContainerEntityManagerFactoryBean : Closing JPA EntityManagerFactory for persistence unit 'default'
2024-08-13T00:22:04.775+03:00  INFO 77156 --- [EffectiveMobile] [main] com.zaxxer.hikari.HikariDataSource       : HikariPool-1 - Shutdown initiated...
2024-08-13T00:22:04.780+03:00  INFO 77156 --- [EffectiveMobile] [main] com.zaxxer.hikari.HikariDataSource       : HikariPool-1 - Shutdown completed.
2024-08-13T00:22:04.784+03:00  INFO 77156 --- [EffectiveMobile] [main] o.apache.catalina.core.StandardService   : Stopping service [Tomcat]
2024-08-13T00:22:04.813+03:00  INFO 77156 --- [EffectiveMobile] [main] .s.b.a.l.ConditionEvaluationReportLogger : 

Error starting ApplicationContext. To display the condition evaluation report re-run your application with 'debug' enabled.
2024-08-13T00:22:04.857+03:00 ERROR 77156 --- [EffectiveMobile] [main] o.s.boot.SpringApplication               : Application run failed

org.springframework.beans.factory.UnsatisfiedDependencyException: Error creating bean with name 'taskService' defined in file [C:\Users\e_tatarinov\IdeaProjects\EffectiveMobile\target\classes\ru\tatarinov\effectivemobile\service\TaskService.class]: Unsatisfied dependency expressed through constructor parameter 0: Error creating bean with name 'taskRepository' defined in ru.tatarinov.effectivemobile.repository.TaskRepository defined in @EnableJpaRepositories declared on JpaRepositoriesRegistrar.EnableJpaRepositoriesConfiguration: Could not create query for public abstract java.util.List ru.tatarinov.effectivemobile.repository.TaskRepository.getTasksByExecutor(java.lang.Integer); Reason: Failed to create query for method public abstract java.util.List ru.tatarinov.effectivemobile.repository.TaskRepository.getTasksByExecutor(java.lang.Integer); Cannot compare left expression of type 'ru.tatarinov.effectivemobile.model.User' with right expression of type 'java.lang.Integer'
	at org.springframework.beans.factory.support.ConstructorResolver.createArgumentArray(ConstructorResolver.java:795) ~[spring-beans-6.1.11.jar:6.1.11]
	at org.springframework.beans.factory.support.ConstructorResolver.autowireConstructor(ConstructorResolver.java:237) ~[spring-beans-6.1.11.jar:6.1.11]
	at org.springframework.beans.factory.support.AbstractAutowireCapableBeanFactory.autowireConstructor(AbstractAutowireCapableBeanFactory.java:1375) ~[spring-beans-6.1.11.jar:6.1.11]
	at org.springframework.beans.factory.support.AbstractAutowireCapableBeanFactory.createBeanInstance(AbstractAutowireCapableBeanFactory.java:1212) ~[spring-beans-6.1.11.jar:6.1.11]
	at org.springframework.beans.factory.support.AbstractAutowireCapableBeanFactory.doCreateBean(AbstractAutowireCapableBeanFactory.java:562) ~[spring-beans-6.1.11.jar:6.1.11]
	at org.springframework.beans.factory.support.AbstractAutowireCapableBeanFactory.createBean(AbstractAutowireCapableBeanFactory.java:522) ~[spring-beans-6.1.11.jar:6.1.11]
	at org.springframework.beans.factory.support.AbstractBeanFactory.lambda$doGetBean$0(AbstractBeanFactory.java:337) ~[spring-beans-6.1.11.jar:6.1.11]
	at org.springframework.beans.factory.support.DefaultSingletonBeanRegistry.getSingleton(DefaultSingletonBeanRegistry.java:234) ~[spring-beans-6.1.11.jar:6.1.11]
	at org.springframework.beans.factory.support.AbstractBeanFactory.doGetBean(AbstractBeanFactory.java:335) ~[spring-beans-6.1.11.jar:6.1.11]
	at org.springframework.beans.factory.support.AbstractBeanFactory.getBean(AbstractBeanFactory.java:200) ~[spring-beans-6.1.11.jar:6.1.11]
	at org.springframework.beans.factory.support.DefaultListableBeanFactory.preInstantiateSingletons(DefaultListableBeanFactory.java:975) ~[spring-beans-6.1.11.jar:6.1.11]
	at org.springframework.context.support.AbstractApplicationContext.finishBeanFactoryInitialization(AbstractApplicationContext.java:971) ~[spring-context-6.1.11.jar:6.1.11]
	at org.springframework.context.support.AbstractApplicationContext.refresh(AbstractApplicationContext.java:625) ~[spring-context-6.1.11.jar:6.1.11]
	at org.springframework.boot.web.servlet.context.ServletWebServerApplicationContext.refresh(ServletWebServerApplicationContext.java:146) ~[spring-boot-3.3.2.jar:3.3.2]
	at org.springframework.boot.SpringApplication.refresh(SpringApplication.java:754) ~[spring-boot-3.3.2.jar:3.3.2]
	at org.springframework.boot.SpringApplication.refreshContext(SpringApplication.java:456) ~[spring-boot-3.3.2.jar:3.3.2]
	at org.springframework.boot.SpringApplication.run(SpringApplication.java:335) ~[spring-boot-3.3.2.jar:3.3.2]
	at org.springframework.boot.SpringApplication.run(SpringApplication.java:1363) ~[spring-boot-3.3.2.jar:3.3.2]
	at org.springframework.boot.SpringApplication.run(SpringApplication.java:1352) ~[spring-boot-3.3.2.jar:3.3.2]
	at ru.tatarinov.effectivemobile.EffectiveMobileApplication.main(EffectiveMobileApplication.java:10) ~[classes/:na]
Caused by: org.springframework.beans.factory.BeanCreationException: Error creating bean with name 'taskRepository' defined in ru.tatarinov.effectivemobile.repository.TaskRepository defined in @EnableJpaRepositories declared on JpaRepositoriesRegistrar.EnableJpaRepositoriesConfiguration: Could not create query for public abstract java.util.List ru.tatarinov.effectivemobile.repository.TaskRepository.getTasksByExecutor(java.lang.Integer); Reason: Failed to create query for method public abstract java.util.List ru.tatarinov.effectivemobile.repository.TaskRepository.getTasksByExecutor(java.lang.Integer); Cannot compare left expression of type 'ru.tatarinov.effectivemobile.model.User' with right expression of type 'java.lang.Integer'
	at org.springframework.beans.factory.support.AbstractAutowireCapableBeanFactory.initializeBean(AbstractAutowireCapableBeanFactory.java:1806) ~[spring-beans-6.1.11.jar:6.1.11]
	at org.springframework.beans.factory.support.AbstractAutowireCapableBeanFactory.doCreateBean(AbstractAutowireCapableBeanFactory.java:600) ~[spring-beans-6.1.11.jar:6.1.11]
	at org.springframework.beans.factory.support.AbstractAutowireCapableBeanFactory.createBean(AbstractAutowireCapableBeanFactory.java:522) ~[spring-beans-6.1.11.jar:6.1.11]
	at org.springframework.beans.factory.support.AbstractBeanFactory.lambda$doGetBean$0(AbstractBeanFactory.java:337) ~[spring-beans-6.1.11.jar:6.1.11]
	at org.springframework.beans.factory.support.DefaultSingletonBeanRegistry.getSingleton(DefaultSingletonBeanRegistry.java:234) ~[spring-beans-6.1.11.jar:6.1.11]
	at org.springframework.beans.factory.support.AbstractBeanFactory.doGetBean(AbstractBeanFactory.java:335) ~[spring-beans-6.1.11.jar:6.1.11]
	at org.springframework.beans.factory.support.AbstractBeanFactory.getBean(AbstractBeanFactory.java:200) ~[spring-beans-6.1.11.jar:6.1.11]
	at org.springframework.beans.factory.config.DependencyDescriptor.resolveCandidate(DependencyDescriptor.java:254) ~[spring-beans-6.1.11.jar:6.1.11]
	at org.springframework.beans.factory.support.DefaultListableBeanFactory.doResolveDependency(DefaultListableBeanFactory.java:1443) ~[spring-beans-6.1.11.jar:6.1.11]
	at org.springframework.beans.factory.support.DefaultListableBeanFactory.resolveDependency(DefaultListableBeanFactory.java:1353) ~[spring-beans-6.1.11.jar:6.1.11]
	at org.springframework.beans.factory.support.ConstructorResolver.resolveAutowiredArgument(ConstructorResolver.java:904) ~[spring-beans-6.1.11.jar:6.1.11]
	at org.springframework.beans.factory.support.ConstructorResolver.createArgumentArray(ConstructorResolver.java:782) ~[spring-beans-6.1.11.jar:6.1.11]
	... 19 common frames omitted
Caused by: org.springframework.data.repository.query.QueryCreationException: Could not create query for public abstract java.util.List ru.tatarinov.effectivemobile.repository.TaskRepository.getTasksByExecutor(java.lang.Integer); Reason: Failed to create query for method public abstract java.util.List ru.tatarinov.effectivemobile.repository.TaskRepository.getTasksByExecutor(java.lang.Integer); Cannot compare left expression of type 'ru.tatarinov.effectivemobile.model.User' with right expression of type 'java.lang.Integer'
	at org.springframework.data.repository.query.QueryCreationException.create(QueryCreationException.java:101) ~[spring-data-commons-3.3.2.jar:3.3.2]
	at org.springframework.data.repository.core.support.QueryExecutorMethodInterceptor.lookupQuery(QueryExecutorMethodInterceptor.java:115) ~[spring-data-commons-3.3.2.jar:3.3.2]
	at org.springframework.data.repository.core.support.QueryExecutorMethodInterceptor.mapMethodsToQuery(QueryExecutorMethodInterceptor.java:99) ~[spring-data-commons-3.3.2.jar:3.3.2]
	at org.springframework.data.repository.core.support.QueryExecutorMethodInterceptor.lambda$new$0(QueryExecutorMethodInterceptor.java:88) ~[spring-data-commons-3.3.2.jar:3.3.2]
	at java.base/java.util.Optional.map(Optional.java:260) ~[na:na]
	at org.springframework.data.repository.core.support.QueryExecutorMethodInterceptor.<init>(QueryExecutorMethodInterceptor.java:88) ~[spring-data-commons-3.3.2.jar:3.3.2]
	at org.springframework.data.repository.core.support.RepositoryFactorySupport.getRepository(RepositoryFactorySupport.java:357) ~[spring-data-commons-3.3.2.jar:3.3.2]
	at org.springframework.data.repository.core.support.RepositoryFactoryBeanSupport.lambda$afterPropertiesSet$5(RepositoryFactoryBeanSupport.java:286) ~[spring-data-commons-3.3.2.jar:3.3.2]
	at org.springframework.data.util.Lazy.getNullable(Lazy.java:135) ~[spring-data-commons-3.3.2.jar:3.3.2]
	at org.springframework.data.util.Lazy.get(Lazy.java:113) ~[spring-data-commons-3.3.2.jar:3.3.2]
	at org.springframework.data.repository.core.support.RepositoryFactoryBeanSupport.afterPropertiesSet(RepositoryFactoryBeanSupport.java:292) ~[spring-data-commons-3.3.2.jar:3.3.2]
	at org.springframework.data.jpa.repository.support.JpaRepositoryFactoryBean.afterPropertiesSet(JpaRepositoryFactoryBean.java:132) ~[spring-data-jpa-3.3.2.jar:3.3.2]
	at org.springframework.beans.factory.support.AbstractAutowireCapableBeanFactory.invokeInitMethods(AbstractAutowireCapableBeanFactory.java:1853) ~[spring-beans-6.1.11.jar:6.1.11]
	at org.springframework.beans.factory.support.AbstractAutowireCapableBeanFactory.initializeBean(AbstractAutowireCapableBeanFactory.java:1802) ~[spring-beans-6.1.11.jar:6.1.11]
	... 30 common frames omitted
Caused by: java.lang.IllegalArgumentException: Failed to create query for method public abstract java.util.List ru.tatarinov.effectivemobile.repository.TaskRepository.getTasksByExecutor(java.lang.Integer); Cannot compare left expression of type 'ru.tatarinov.effectivemobile.model.User' with right expression of type 'java.lang.Integer'
	at org.springframework.data.jpa.repository.query.PartTreeJpaQuery.<init>(PartTreeJpaQuery.java:107) ~[spring-data-jpa-3.3.2.jar:3.3.2]
	at org.springframework.data.jpa.repository.query.JpaQueryLookupStrategy$CreateQueryLookupStrategy.resolveQuery(JpaQueryLookupStrategy.java:124) ~[spring-data-jpa-3.3.2.jar:3.3.2]
	at org.springframework.data.jpa.repository.query.JpaQueryLookupStrategy$CreateIfNotFoundQueryLookupStrategy.resolveQuery(JpaQueryLookupStrategy.java:258) ~[spring-data-jpa-3.3.2.jar:3.3.2]
	at org.springframework.data.jpa.repository.query.JpaQueryLookupStrategy$AbstractQueryLookupStrategy.resolveQuery(JpaQueryLookupStrategy.java:95) ~[spring-data-jpa-3.3.2.jar:3.3.2]
	at org.springframework.data.repository.core.support.QueryExecutorMethodInterceptor.lookupQuery(QueryExecutorMethodInterceptor.java:111) ~[spring-data-commons-3.3.2.jar:3.3.2]
	... 42 common frames omitted
Caused by: org.hibernate.query.SemanticException: Cannot compare left expression of type 'ru.tatarinov.effectivemobile.model.User' with right expression of type 'java.lang.Integer'
	at org.hibernate.query.sqm.internal.TypecheckUtil.assertComparable(TypecheckUtil.java:358) ~[hibernate-core-6.5.2.Final.jar:6.5.2.Final]
	at org.hibernate.query.sqm.tree.predicate.SqmComparisonPredicate.<init>(SqmComparisonPredicate.java:48) ~[hibernate-core-6.5.2.Final.jar:6.5.2.Final]
	at org.hibernate.query.sqm.tree.predicate.SqmComparisonPredicate.<init>(SqmComparisonPredicate.java:34) ~[hibernate-core-6.5.2.Final.jar:6.5.2.Final]
	at org.hibernate.query.sqm.internal.SqmCriteriaNodeBuilder.equal(SqmCriteriaNodeBuilder.java:2143) ~[hibernate-core-6.5.2.Final.jar:6.5.2.Final]
	at org.hibernate.query.sqm.internal.SqmCriteriaNodeBuilder.equal(SqmCriteriaNodeBuilder.java:190) ~[hibernate-core-6.5.2.Final.jar:6.5.2.Final]
	at org.springframework.data.jpa.repository.query.JpaQueryCreator$PredicateBuilder.build(JpaQueryCreator.java:312) ~[spring-data-jpa-3.3.2.jar:3.3.2]
	at org.springframework.data.jpa.repository.query.JpaQueryCreator.toPredicate(JpaQueryCreator.java:210) ~[spring-data-jpa-3.3.2.jar:3.3.2]
	at org.springframework.data.jpa.repository.query.JpaQueryCreator.create(JpaQueryCreator.java:121) ~[spring-data-jpa-3.3.2.jar:3.3.2]
	at org.springframework.data.jpa.repository.query.JpaQueryCreator.create(JpaQueryCreator.java:1) ~[spring-data-jpa-3.3.2.jar:3.3.2]
	at org.springframework.data.repository.query.parser.AbstractQueryCreator.createCriteria(AbstractQueryCreator.java:119) ~[spring-data-commons-3.3.2.jar:3.3.2]
	at org.springframework.data.repository.query.parser.AbstractQueryCreator.createQuery(AbstractQueryCreator.java:95) ~[spring-data-commons-3.3.2.jar:3.3.2]
	at org.springframework.data.repository.query.parser.AbstractQueryCreator.createQuery(AbstractQueryCreator.java:81) ~[spring-data-commons-3.3.2.jar:3.3.2]
	at org.springframework.data.jpa.repository.query.PartTreeJpaQuery$QueryPreparer.<init>(PartTreeJpaQuery.java:224) ~[spring-data-jpa-3.3.2.jar:3.3.2]
	at org.springframework.data.jpa.repository.query.PartTreeJpaQuery$CountQueryPreparer.<init>(PartTreeJpaQuery.java:370) ~[spring-data-jpa-3.3.2.jar:3.3.2]
	at org.springframework.data.jpa.repository.query.PartTreeJpaQuery.<init>(PartTreeJpaQuery.java:103) ~[spring-data-jpa-3.3.2.jar:3.3.2]
	... 46 common frames omitted

2024-08-13T21:15:58.638+03:00  INFO 100164 --- [EffectiveMobile] [main] r.t.e.EffectiveMobileApplication         : Starting EffectiveMobileApplication using Java 17.0.5 with PID 100164 (C:\Users\e_tatarinov\IdeaProjects\EffectiveMobile\target\classes started by e_tatarinov in C:\Users\e_tatarinov\IdeaProjects\EffectiveMobile)
2024-08-13T21:15:58.645+03:00  INFO 100164 --- [EffectiveMobile] [main] r.t.e.EffectiveMobileApplication         : No active profile set, falling back to 1 default profile: "default"
2024-08-13T21:15:59.828+03:00  INFO 100164 --- [EffectiveMobile] [main] .s.d.r.c.RepositoryConfigurationDelegate : Bootstrapping Spring Data JPA repositories in DEFAULT mode.
2024-08-13T21:15:59.920+03:00  INFO 100164 --- [EffectiveMobile] [main] .s.d.r.c.RepositoryConfigurationDelegate : Finished Spring Data repository scanning in 77 ms. Found 2 JPA repository interfaces.
2024-08-13T21:16:00.710+03:00  INFO 100164 --- [EffectiveMobile] [main] o.s.b.w.embedded.tomcat.TomcatWebServer  : Tomcat initialized with port 8080 (http)
2024-08-13T21:16:00.726+03:00  INFO 100164 --- [EffectiveMobile] [main] o.apache.catalina.core.StandardService   : Starting service [Tomcat]
2024-08-13T21:16:00.726+03:00  INFO 100164 --- [EffectiveMobile] [main] o.apache.catalina.core.StandardEngine    : Starting Servlet engine: [Apache Tomcat/10.1.26]
2024-08-13T21:16:00.811+03:00  INFO 100164 --- [EffectiveMobile] [main] o.a.c.c.C.[Tomcat].[localhost].[/]       : Initializing Spring embedded WebApplicationContext
2024-08-13T21:16:00.812+03:00  INFO 100164 --- [EffectiveMobile] [main] w.s.c.ServletWebServerApplicationContext : Root WebApplicationContext: initialization completed in 2063 ms
2024-08-13T21:16:01.020+03:00  INFO 100164 --- [EffectiveMobile] [main] com.zaxxer.hikari.HikariDataSource       : HikariPool-1 - Starting...
2024-08-13T21:16:01.311+03:00  INFO 100164 --- [EffectiveMobile] [main] com.zaxxer.hikari.pool.HikariPool        : HikariPool-1 - Added connection org.postgresql.jdbc.PgConnection@7069f076
2024-08-13T21:16:01.313+03:00  INFO 100164 --- [EffectiveMobile] [main] com.zaxxer.hikari.HikariDataSource       : HikariPool-1 - Start completed.
2024-08-13T21:16:01.382+03:00  INFO 100164 --- [EffectiveMobile] [main] o.hibernate.jpa.internal.util.LogHelper  : HHH000204: Processing PersistenceUnitInfo [name: default]
2024-08-13T21:16:01.495+03:00  INFO 100164 --- [EffectiveMobile] [main] org.hibernate.Version                    : HHH000412: Hibernate ORM core version 6.5.2.Final
2024-08-13T21:16:01.573+03:00  INFO 100164 --- [EffectiveMobile] [main] o.h.c.internal.RegionFactoryInitiator    : HHH000026: Second-level cache disabled
2024-08-13T21:16:02.301+03:00  INFO 100164 --- [EffectiveMobile] [main] o.s.o.j.p.SpringPersistenceUnitInfo      : No LoadTimeWeaver setup: ignoring JPA class transformer
2024-08-13T21:16:03.741+03:00  WARN 100164 --- [EffectiveMobile] [main] org.hibernate.orm.deprecation            : HHH90000025: PostgreSQLDialect does not need to be specified explicitly using 'hibernate.dialect' (remove the property setting and it will be selected by default)
2024-08-13T21:16:05.154+03:00  INFO 100164 --- [EffectiveMobile] [main] o.h.e.t.j.p.i.JtaPlatformInitiator       : HHH000489: No JTA platform available (set 'hibernate.transaction.jta.platform' to enable JTA platform integration)
2024-08-13T21:16:05.158+03:00  INFO 100164 --- [EffectiveMobile] [main] j.LocalContainerEntityManagerFactoryBean : Initialized JPA EntityManagerFactory for persistence unit 'default'
2024-08-13T21:16:05.685+03:00  WARN 100164 --- [EffectiveMobile] [main] JpaBaseConfiguration$JpaWebConfiguration : spring.jpa.open-in-view is enabled by default. Therefore, database queries may be performed during view rendering. Explicitly configure spring.jpa.open-in-view to disable this warning
2024-08-13T21:16:06.225+03:00  WARN 100164 --- [EffectiveMobile] [main] .s.s.UserDetailsServiceAutoConfiguration : 

Using generated security password: 83096064-e202-4b22-b5d7-694d947f3188

This generated password is for development use only. Your security configuration must be updated before running your application in production.

2024-08-13T21:16:06.374+03:00  INFO 100164 --- [EffectiveMobile] [main] r$InitializeUserDetailsManagerConfigurer : Global AuthenticationManager configured with UserDetailsService bean with name inMemoryUserDetailsManager
2024-08-13T21:16:06.754+03:00  INFO 100164 --- [EffectiveMobile] [main] o.s.b.w.embedded.tomcat.TomcatWebServer  : Tomcat started on port 8080 (http) with context path '/'
2024-08-13T21:16:06.765+03:00  INFO 100164 --- [EffectiveMobile] [main] r.t.e.EffectiveMobileApplication         : Started EffectiveMobileApplication in 8.948 seconds (process running for 10.381)
2024-08-13T21:17:10.844+03:00  INFO 100164 --- [EffectiveMobile] [SpringApplicationShutdownHook] j.LocalContainerEntityManagerFactoryBean : Closing JPA EntityManagerFactory for persistence unit 'default'
2024-08-13T21:17:10.849+03:00  INFO 100164 --- [EffectiveMobile] [SpringApplicationShutdownHook] com.zaxxer.hikari.HikariDataSource       : HikariPool-1 - Shutdown initiated...
2024-08-13T21:17:10.853+03:00  INFO 100164 --- [EffectiveMobile] [SpringApplicationShutdownHook] com.zaxxer.hikari.HikariDataSource       : HikariPool-1 - Shutdown completed.
2024-08-13T22:12:54.011+03:00  INFO 91796 --- [EffectiveMobile] [main] r.t.e.EffectiveMobileApplication         : Starting EffectiveMobileApplication using Java 17.0.5 with PID 91796 (C:\Users\e_tatarinov\IdeaProjects\EffectiveMobile\target\classes started by e_tatarinov in C:\Users\e_tatarinov\IdeaProjects\EffectiveMobile)
2024-08-13T22:12:54.017+03:00  INFO 91796 --- [EffectiveMobile] [main] r.t.e.EffectiveMobileApplication         : No active profile set, falling back to 1 default profile: "default"
2024-08-13T22:12:55.973+03:00  INFO 91796 --- [EffectiveMobile] [main] .s.d.r.c.RepositoryConfigurationDelegate : Bootstrapping Spring Data JPA repositories in DEFAULT mode.
2024-08-13T22:12:56.069+03:00  INFO 91796 --- [EffectiveMobile] [main] .s.d.r.c.RepositoryConfigurationDelegate : Finished Spring Data repository scanning in 84 ms. Found 2 JPA repository interfaces.
2024-08-13T22:12:56.883+03:00  INFO 91796 --- [EffectiveMobile] [main] o.s.b.w.embedded.tomcat.TomcatWebServer  : Tomcat initialized with port 8080 (http)
2024-08-13T22:12:56.900+03:00  INFO 91796 --- [EffectiveMobile] [main] o.apache.catalina.core.StandardService   : Starting service [Tomcat]
2024-08-13T22:12:56.901+03:00  INFO 91796 --- [EffectiveMobile] [main] o.apache.catalina.core.StandardEngine    : Starting Servlet engine: [Apache Tomcat/10.1.26]
2024-08-13T22:12:56.984+03:00  INFO 91796 --- [EffectiveMobile] [main] o.a.c.c.C.[Tomcat].[localhost].[/]       : Initializing Spring embedded WebApplicationContext
2024-08-13T22:12:56.984+03:00  INFO 91796 --- [EffectiveMobile] [main] w.s.c.ServletWebServerApplicationContext : Root WebApplicationContext: initialization completed in 2859 ms
2024-08-13T22:12:57.160+03:00  INFO 91796 --- [EffectiveMobile] [main] com.zaxxer.hikari.HikariDataSource       : HikariPool-1 - Starting...
2024-08-13T22:12:57.410+03:00  INFO 91796 --- [EffectiveMobile] [main] com.zaxxer.hikari.pool.HikariPool        : HikariPool-1 - Added connection org.postgresql.jdbc.PgConnection@45292ec1
2024-08-13T22:12:57.412+03:00  INFO 91796 --- [EffectiveMobile] [main] com.zaxxer.hikari.HikariDataSource       : HikariPool-1 - Start completed.
2024-08-13T22:12:57.476+03:00  INFO 91796 --- [EffectiveMobile] [main] o.hibernate.jpa.internal.util.LogHelper  : HHH000204: Processing PersistenceUnitInfo [name: default]
2024-08-13T22:12:57.595+03:00  INFO 91796 --- [EffectiveMobile] [main] org.hibernate.Version                    : HHH000412: Hibernate ORM core version 6.5.2.Final
2024-08-13T22:12:57.660+03:00  INFO 91796 --- [EffectiveMobile] [main] o.h.c.internal.RegionFactoryInitiator    : HHH000026: Second-level cache disabled
2024-08-13T22:12:58.135+03:00  INFO 91796 --- [EffectiveMobile] [main] o.s.o.j.p.SpringPersistenceUnitInfo      : No LoadTimeWeaver setup: ignoring JPA class transformer
2024-08-13T22:12:58.288+03:00  WARN 91796 --- [EffectiveMobile] [main] org.hibernate.orm.deprecation            : HHH90000025: PostgreSQLDialect does not need to be specified explicitly using 'hibernate.dialect' (remove the property setting and it will be selected by default)
2024-08-13T22:12:59.638+03:00  INFO 91796 --- [EffectiveMobile] [main] o.h.e.t.j.p.i.JtaPlatformInitiator       : HHH000489: No JTA platform available (set 'hibernate.transaction.jta.platform' to enable JTA platform integration)
2024-08-13T22:12:59.642+03:00  INFO 91796 --- [EffectiveMobile] [main] j.LocalContainerEntityManagerFactoryBean : Initialized JPA EntityManagerFactory for persistence unit 'default'
2024-08-13T22:13:00.120+03:00  WARN 91796 --- [EffectiveMobile] [main] JpaBaseConfiguration$JpaWebConfiguration : spring.jpa.open-in-view is enabled by default. Therefore, database queries may be performed during view rendering. Explicitly configure spring.jpa.open-in-view to disable this warning
2024-08-13T22:13:00.581+03:00  WARN 91796 --- [EffectiveMobile] [main] .s.s.UserDetailsServiceAutoConfiguration : 

Using generated security password: a871e276-d1dd-4393-b5bf-f40c3330423a

This generated password is for development use only. Your security configuration must be updated before running your application in production.

2024-08-13T22:13:00.625+03:00  INFO 91796 --- [EffectiveMobile] [main] r$InitializeUserDetailsManagerConfigurer : Global AuthenticationManager configured with UserDetailsService bean with name inMemoryUserDetailsManager
2024-08-13T22:13:00.935+03:00  INFO 91796 --- [EffectiveMobile] [main] o.s.b.w.embedded.tomcat.TomcatWebServer  : Tomcat started on port 8080 (http) with context path '/'
2024-08-13T22:13:00.950+03:00  INFO 91796 --- [EffectiveMobile] [main] r.t.e.EffectiveMobileApplication         : Started EffectiveMobileApplication in 7.792 seconds (process running for 8.902)
2024-08-13T22:13:30.546+03:00  INFO 91796 --- [EffectiveMobile] [http-nio-8080-exec-1] o.a.c.c.C.[Tomcat].[localhost].[/]       : Initializing Spring DispatcherServlet 'dispatcherServlet'
2024-08-13T22:13:30.547+03:00  INFO 91796 --- [EffectiveMobile] [http-nio-8080-exec-1] o.s.web.servlet.DispatcherServlet        : Initializing Servlet 'dispatcherServlet'
2024-08-13T22:13:30.548+03:00  INFO 91796 --- [EffectiveMobile] [http-nio-8080-exec-1] o.s.web.servlet.DispatcherServlet        : Completed initialization in 1 ms
2024-08-13T22:17:04.467+03:00  INFO 91796 --- [EffectiveMobile] [SpringApplicationShutdownHook] j.LocalContainerEntityManagerFactoryBean : Closing JPA EntityManagerFactory for persistence unit 'default'
2024-08-13T22:17:04.575+03:00  INFO 91796 --- [EffectiveMobile] [SpringApplicationShutdownHook] com.zaxxer.hikari.HikariDataSource       : HikariPool-1 - Shutdown initiated...
2024-08-13T22:17:04.611+03:00  INFO 91796 --- [EffectiveMobile] [SpringApplicationShutdownHook] com.zaxxer.hikari.HikariDataSource       : HikariPool-1 - Shutdown completed.
2024-08-13T22:17:14.948+03:00  INFO 31500 --- [EffectiveMobile] [main] r.t.e.EffectiveMobileApplication         : Starting EffectiveMobileApplication using Java 17.0.5 with PID 31500 (C:\Users\e_tatarinov\IdeaProjects\EffectiveMobile\target\classes started by e_tatarinov in C:\Users\e_tatarinov\IdeaProjects\EffectiveMobile)
2024-08-13T22:17:14.953+03:00  INFO 31500 --- [EffectiveMobile] [main] r.t.e.EffectiveMobileApplication         : No active profile set, falling back to 1 default profile: "default"
2024-08-13T22:17:16.650+03:00  INFO 31500 --- [EffectiveMobile] [main] .s.d.r.c.RepositoryConfigurationDelegate : Bootstrapping Spring Data JPA repositories in DEFAULT mode.
2024-08-13T22:17:16.738+03:00  INFO 31500 --- [EffectiveMobile] [main] .s.d.r.c.RepositoryConfigurationDelegate : Finished Spring Data repository scanning in 73 ms. Found 2 JPA repository interfaces.
2024-08-13T22:17:17.733+03:00  INFO 31500 --- [EffectiveMobile] [main] o.s.b.w.embedded.tomcat.TomcatWebServer  : Tomcat initialized with port 8080 (http)
2024-08-13T22:17:17.750+03:00  INFO 31500 --- [EffectiveMobile] [main] o.apache.catalina.core.StandardService   : Starting service [Tomcat]
2024-08-13T22:17:17.750+03:00  INFO 31500 --- [EffectiveMobile] [main] o.apache.catalina.core.StandardEngine    : Starting Servlet engine: [Apache Tomcat/10.1.26]
2024-08-13T22:17:17.904+03:00  INFO 31500 --- [EffectiveMobile] [main] o.a.c.c.C.[Tomcat].[localhost].[/]       : Initializing Spring embedded WebApplicationContext
2024-08-13T22:17:17.905+03:00  INFO 31500 --- [EffectiveMobile] [main] w.s.c.ServletWebServerApplicationContext : Root WebApplicationContext: initialization completed in 2888 ms
2024-08-13T22:17:18.122+03:00  INFO 31500 --- [EffectiveMobile] [main] com.zaxxer.hikari.HikariDataSource       : HikariPool-1 - Starting...
2024-08-13T22:17:18.454+03:00  INFO 31500 --- [EffectiveMobile] [main] com.zaxxer.hikari.pool.HikariPool        : HikariPool-1 - Added connection org.postgresql.jdbc.PgConnection@265c1a7c
2024-08-13T22:17:18.456+03:00  INFO 31500 --- [EffectiveMobile] [main] com.zaxxer.hikari.HikariDataSource       : HikariPool-1 - Start completed.
2024-08-13T22:17:18.521+03:00  INFO 31500 --- [EffectiveMobile] [main] o.hibernate.jpa.internal.util.LogHelper  : HHH000204: Processing PersistenceUnitInfo [name: default]
2024-08-13T22:17:18.633+03:00  INFO 31500 --- [EffectiveMobile] [main] org.hibernate.Version                    : HHH000412: Hibernate ORM core version 6.5.2.Final
2024-08-13T22:17:18.710+03:00  INFO 31500 --- [EffectiveMobile] [main] o.h.c.internal.RegionFactoryInitiator    : HHH000026: Second-level cache disabled
2024-08-13T22:17:19.308+03:00  INFO 31500 --- [EffectiveMobile] [main] o.s.o.j.p.SpringPersistenceUnitInfo      : No LoadTimeWeaver setup: ignoring JPA class transformer
2024-08-13T22:17:19.489+03:00  WARN 31500 --- [EffectiveMobile] [main] org.hibernate.orm.deprecation            : HHH90000025: PostgreSQLDialect does not need to be specified explicitly using 'hibernate.dialect' (remove the property setting and it will be selected by default)
2024-08-13T22:17:20.831+03:00  INFO 31500 --- [EffectiveMobile] [main] o.h.e.t.j.p.i.JtaPlatformInitiator       : HHH000489: No JTA platform available (set 'hibernate.transaction.jta.platform' to enable JTA platform integration)
2024-08-13T22:17:20.836+03:00  INFO 31500 --- [EffectiveMobile] [main] j.LocalContainerEntityManagerFactoryBean : Initialized JPA EntityManagerFactory for persistence unit 'default'
2024-08-13T22:17:21.457+03:00  WARN 31500 --- [EffectiveMobile] [main] JpaBaseConfiguration$JpaWebConfiguration : spring.jpa.open-in-view is enabled by default. Therefore, database queries may be performed during view rendering. Explicitly configure spring.jpa.open-in-view to disable this warning
2024-08-13T22:17:24.232+03:00  WARN 31500 --- [EffectiveMobile] [main] .s.s.UserDetailsServiceAutoConfiguration : 

Using generated security password: 4d4dbd50-fc78-466f-8560-dbfbf8b8c943

This generated password is for development use only. Your security configuration must be updated before running your application in production.

2024-08-13T22:17:24.503+03:00  INFO 31500 --- [EffectiveMobile] [main] r$InitializeUserDetailsManagerConfigurer : Global AuthenticationManager configured with UserDetailsService bean with name inMemoryUserDetailsManager
2024-08-13T22:17:24.866+03:00  INFO 31500 --- [EffectiveMobile] [main] o.s.b.w.embedded.tomcat.TomcatWebServer  : Tomcat started on port 8080 (http) with context path '/'
2024-08-13T22:17:24.879+03:00  INFO 31500 --- [EffectiveMobile] [main] r.t.e.EffectiveMobileApplication         : Started EffectiveMobileApplication in 10.829 seconds (process running for 13.459)
2024-08-13T22:20:10.225+03:00  INFO 31500 --- [EffectiveMobile] [http-nio-8080-exec-1] o.a.c.c.C.[Tomcat].[localhost].[/]       : Initializing Spring DispatcherServlet 'dispatcherServlet'
2024-08-13T22:20:10.226+03:00  INFO 31500 --- [EffectiveMobile] [http-nio-8080-exec-1] o.s.web.servlet.DispatcherServlet        : Initializing Servlet 'dispatcherServlet'
2024-08-13T22:20:10.228+03:00  INFO 31500 --- [EffectiveMobile] [http-nio-8080-exec-1] o.s.web.servlet.DispatcherServlet        : Completed initialization in 2 ms
2024-08-13T22:21:35.855+03:00  INFO 31500 --- [EffectiveMobile] [SpringApplicationShutdownHook] j.LocalContainerEntityManagerFactoryBean : Closing JPA EntityManagerFactory for persistence unit 'default'
2024-08-13T22:21:35.967+03:00  INFO 31500 --- [EffectiveMobile] [SpringApplicationShutdownHook] com.zaxxer.hikari.HikariDataSource       : HikariPool-1 - Shutdown initiated...
2024-08-13T22:21:36.007+03:00  INFO 31500 --- [EffectiveMobile] [SpringApplicationShutdownHook] com.zaxxer.hikari.HikariDataSource       : HikariPool-1 - Shutdown completed.
2024-08-13T22:21:46.312+03:00  INFO 58552 --- [EffectiveMobile] [main] r.t.e.EffectiveMobileApplication         : Starting EffectiveMobileApplication using Java 17.0.5 with PID 58552 (C:\Users\e_tatarinov\IdeaProjects\EffectiveMobile\target\classes started by e_tatarinov in C:\Users\e_tatarinov\IdeaProjects\EffectiveMobile)
2024-08-13T22:21:46.321+03:00  INFO 58552 --- [EffectiveMobile] [main] r.t.e.EffectiveMobileApplication         : No active profile set, falling back to 1 default profile: "default"
2024-08-13T22:21:49.147+03:00  INFO 58552 --- [EffectiveMobile] [main] .s.d.r.c.RepositoryConfigurationDelegate : Bootstrapping Spring Data JPA repositories in DEFAULT mode.
2024-08-13T22:21:49.294+03:00  INFO 58552 --- [EffectiveMobile] [main] .s.d.r.c.RepositoryConfigurationDelegate : Finished Spring Data repository scanning in 125 ms. Found 2 JPA repository interfaces.
2024-08-13T22:21:50.396+03:00  INFO 58552 --- [EffectiveMobile] [main] o.s.b.w.embedded.tomcat.TomcatWebServer  : Tomcat initialized with port 8080 (http)
2024-08-13T22:21:50.412+03:00  INFO 58552 --- [EffectiveMobile] [main] o.apache.catalina.core.StandardService   : Starting service [Tomcat]
2024-08-13T22:21:50.413+03:00  INFO 58552 --- [EffectiveMobile] [main] o.apache.catalina.core.StandardEngine    : Starting Servlet engine: [Apache Tomcat/10.1.26]
2024-08-13T22:21:50.508+03:00  INFO 58552 --- [EffectiveMobile] [main] o.a.c.c.C.[Tomcat].[localhost].[/]       : Initializing Spring embedded WebApplicationContext
2024-08-13T22:21:50.509+03:00  INFO 58552 --- [EffectiveMobile] [main] w.s.c.ServletWebServerApplicationContext : Root WebApplicationContext: initialization completed in 4036 ms
2024-08-13T22:21:50.690+03:00  INFO 58552 --- [EffectiveMobile] [main] com.zaxxer.hikari.HikariDataSource       : HikariPool-1 - Starting...
2024-08-13T22:21:50.906+03:00  INFO 58552 --- [EffectiveMobile] [main] com.zaxxer.hikari.pool.HikariPool        : HikariPool-1 - Added connection org.postgresql.jdbc.PgConnection@5b2b8d86
2024-08-13T22:21:50.908+03:00  INFO 58552 --- [EffectiveMobile] [main] com.zaxxer.hikari.HikariDataSource       : HikariPool-1 - Start completed.
2024-08-13T22:21:50.968+03:00  INFO 58552 --- [EffectiveMobile] [main] o.hibernate.jpa.internal.util.LogHelper  : HHH000204: Processing PersistenceUnitInfo [name: default]
2024-08-13T22:21:51.079+03:00  INFO 58552 --- [EffectiveMobile] [main] org.hibernate.Version                    : HHH000412: Hibernate ORM core version 6.5.2.Final
2024-08-13T22:21:51.155+03:00  INFO 58552 --- [EffectiveMobile] [main] o.h.c.internal.RegionFactoryInitiator    : HHH000026: Second-level cache disabled
2024-08-13T22:21:52.183+03:00  INFO 58552 --- [EffectiveMobile] [main] o.s.o.j.p.SpringPersistenceUnitInfo      : No LoadTimeWeaver setup: ignoring JPA class transformer
2024-08-13T22:21:52.353+03:00  WARN 58552 --- [EffectiveMobile] [main] org.hibernate.orm.deprecation            : HHH90000025: PostgreSQLDialect does not need to be specified explicitly using 'hibernate.dialect' (remove the property setting and it will be selected by default)
2024-08-13T22:21:54.916+03:00  INFO 58552 --- [EffectiveMobile] [main] o.h.e.t.j.p.i.JtaPlatformInitiator       : HHH000489: No JTA platform available (set 'hibernate.transaction.jta.platform' to enable JTA platform integration)
2024-08-13T22:21:54.919+03:00  INFO 58552 --- [EffectiveMobile] [main] j.LocalContainerEntityManagerFactoryBean : Initialized JPA EntityManagerFactory for persistence unit 'default'
2024-08-13T22:21:55.504+03:00  WARN 58552 --- [EffectiveMobile] [main] JpaBaseConfiguration$JpaWebConfiguration : spring.jpa.open-in-view is enabled by default. Therefore, database queries may be performed during view rendering. Explicitly configure spring.jpa.open-in-view to disable this warning
2024-08-13T22:21:56.083+03:00  WARN 58552 --- [EffectiveMobile] [main] .s.s.UserDetailsServiceAutoConfiguration : 

Using generated security password: bf2b59d1-0b27-4696-a9b0-fa93c921072c

This generated password is for development use only. Your security configuration must be updated before running your application in production.

2024-08-13T22:21:56.122+03:00  INFO 58552 --- [EffectiveMobile] [main] r$InitializeUserDetailsManagerConfigurer : Global AuthenticationManager configured with UserDetailsService bean with name inMemoryUserDetailsManager
2024-08-13T22:21:56.434+03:00  INFO 58552 --- [EffectiveMobile] [main] o.s.b.w.embedded.tomcat.TomcatWebServer  : Tomcat started on port 8080 (http) with context path '/'
2024-08-13T22:21:56.447+03:00  INFO 58552 --- [EffectiveMobile] [main] r.t.e.EffectiveMobileApplication         : Started EffectiveMobileApplication in 12.137 seconds (process running for 14.876)
2024-08-13T22:22:17.744+03:00  INFO 58552 --- [EffectiveMobile] [http-nio-8080-exec-1] o.a.c.c.C.[Tomcat].[localhost].[/]       : Initializing Spring DispatcherServlet 'dispatcherServlet'
2024-08-13T22:22:17.745+03:00  INFO 58552 --- [EffectiveMobile] [http-nio-8080-exec-1] o.s.web.servlet.DispatcherServlet        : Initializing Servlet 'dispatcherServlet'
2024-08-13T22:22:17.747+03:00  INFO 58552 --- [EffectiveMobile] [http-nio-8080-exec-1] o.s.web.servlet.DispatcherServlet        : Completed initialization in 2 ms
2024-08-13T22:23:25.082+03:00  INFO 58552 --- [EffectiveMobile] [SpringApplicationShutdownHook] j.LocalContainerEntityManagerFactoryBean : Closing JPA EntityManagerFactory for persistence unit 'default'
2024-08-13T22:23:25.228+03:00  INFO 58552 --- [EffectiveMobile] [SpringApplicationShutdownHook] com.zaxxer.hikari.HikariDataSource       : HikariPool-1 - Shutdown initiated...
2024-08-13T22:23:25.276+03:00  INFO 58552 --- [EffectiveMobile] [SpringApplicationShutdownHook] com.zaxxer.hikari.HikariDataSource       : HikariPool-1 - Shutdown completed.
2024-08-13T22:23:34.066+03:00  INFO 102916 --- [EffectiveMobile] [main] r.t.e.EffectiveMobileApplication         : Starting EffectiveMobileApplication using Java 17.0.5 with PID 102916 (C:\Users\e_tatarinov\IdeaProjects\EffectiveMobile\target\classes started by e_tatarinov in C:\Users\e_tatarinov\IdeaProjects\EffectiveMobile)
2024-08-13T22:23:34.083+03:00  INFO 102916 --- [EffectiveMobile] [main] r.t.e.EffectiveMobileApplication         : No active profile set, falling back to 1 default profile: "default"
2024-08-13T22:23:35.326+03:00  INFO 102916 --- [EffectiveMobile] [main] .s.d.r.c.RepositoryConfigurationDelegate : Bootstrapping Spring Data JPA repositories in DEFAULT mode.
2024-08-13T22:23:35.399+03:00  INFO 102916 --- [EffectiveMobile] [main] .s.d.r.c.RepositoryConfigurationDelegate : Finished Spring Data repository scanning in 63 ms. Found 2 JPA repository interfaces.
2024-08-13T22:23:36.101+03:00  INFO 102916 --- [EffectiveMobile] [main] o.s.b.w.embedded.tomcat.TomcatWebServer  : Tomcat initialized with port 8080 (http)
2024-08-13T22:23:36.118+03:00  INFO 102916 --- [EffectiveMobile] [main] o.apache.catalina.core.StandardService   : Starting service [Tomcat]
2024-08-13T22:23:36.118+03:00  INFO 102916 --- [EffectiveMobile] [main] o.apache.catalina.core.StandardEngine    : Starting Servlet engine: [Apache Tomcat/10.1.26]
2024-08-13T22:23:36.214+03:00  INFO 102916 --- [EffectiveMobile] [main] o.a.c.c.C.[Tomcat].[localhost].[/]       : Initializing Spring embedded WebApplicationContext
2024-08-13T22:23:36.215+03:00  INFO 102916 --- [EffectiveMobile] [main] w.s.c.ServletWebServerApplicationContext : Root WebApplicationContext: initialization completed in 2032 ms
2024-08-13T22:23:36.376+03:00  INFO 102916 --- [EffectiveMobile] [main] com.zaxxer.hikari.HikariDataSource       : HikariPool-1 - Starting...
2024-08-13T22:23:36.596+03:00  INFO 102916 --- [EffectiveMobile] [main] com.zaxxer.hikari.pool.HikariPool        : HikariPool-1 - Added connection org.postgresql.jdbc.PgConnection@5927f904
2024-08-13T22:23:36.598+03:00  INFO 102916 --- [EffectiveMobile] [main] com.zaxxer.hikari.HikariDataSource       : HikariPool-1 - Start completed.
2024-08-13T22:23:36.655+03:00  INFO 102916 --- [EffectiveMobile] [main] o.hibernate.jpa.internal.util.LogHelper  : HHH000204: Processing PersistenceUnitInfo [name: default]
2024-08-13T22:23:36.775+03:00  INFO 102916 --- [EffectiveMobile] [main] org.hibernate.Version                    : HHH000412: Hibernate ORM core version 6.5.2.Final
2024-08-13T22:23:36.847+03:00  INFO 102916 --- [EffectiveMobile] [main] o.h.c.internal.RegionFactoryInitiator    : HHH000026: Second-level cache disabled
2024-08-13T22:23:37.365+03:00  INFO 102916 --- [EffectiveMobile] [main] o.s.o.j.p.SpringPersistenceUnitInfo      : No LoadTimeWeaver setup: ignoring JPA class transformer
2024-08-13T22:23:37.526+03:00  WARN 102916 --- [EffectiveMobile] [main] org.hibernate.orm.deprecation            : HHH90000025: PostgreSQLDialect does not need to be specified explicitly using 'hibernate.dialect' (remove the property setting and it will be selected by default)
2024-08-13T22:23:40.870+03:00  INFO 102916 --- [EffectiveMobile] [main] o.h.e.t.j.p.i.JtaPlatformInitiator       : HHH000489: No JTA platform available (set 'hibernate.transaction.jta.platform' to enable JTA platform integration)
2024-08-13T22:23:40.895+03:00  INFO 102916 --- [EffectiveMobile] [main] j.LocalContainerEntityManagerFactoryBean : Initialized JPA EntityManagerFactory for persistence unit 'default'
2024-08-13T22:23:41.520+03:00  WARN 102916 --- [EffectiveMobile] [main] JpaBaseConfiguration$JpaWebConfiguration : spring.jpa.open-in-view is enabled by default. Therefore, database queries may be performed during view rendering. Explicitly configure spring.jpa.open-in-view to disable this warning
2024-08-13T22:23:42.059+03:00  INFO 102916 --- [EffectiveMobile] [main] o.s.b.w.embedded.tomcat.TomcatWebServer  : Tomcat started on port 8080 (http) with context path '/'
2024-08-13T22:23:42.070+03:00  INFO 102916 --- [EffectiveMobile] [main] r.t.e.EffectiveMobileApplication         : Started EffectiveMobileApplication in 8.773 seconds (process running for 9.91)
2024-08-13T22:23:59.142+03:00  INFO 102916 --- [EffectiveMobile] [http-nio-8080-exec-1] o.a.c.c.C.[Tomcat].[localhost].[/]       : Initializing Spring DispatcherServlet 'dispatcherServlet'
2024-08-13T22:23:59.143+03:00  INFO 102916 --- [EffectiveMobile] [http-nio-8080-exec-1] o.s.web.servlet.DispatcherServlet        : Initializing Servlet 'dispatcherServlet'
2024-08-13T22:23:59.146+03:00  INFO 102916 --- [EffectiveMobile] [http-nio-8080-exec-1] o.s.web.servlet.DispatcherServlet        : Completed initialization in 3 ms
2024-08-13T22:24:05.170+03:00  INFO 102916 --- [EffectiveMobile] [http-nio-8080-exec-4] o.springdoc.api.AbstractOpenApiResource  : Init duration for springdoc-openapi is: 361 ms
2024-08-13T22:25:39.791+03:00  WARN 102916 --- [EffectiveMobile] [http-nio-8080-exec-8] .w.s.m.s.DefaultHandlerExceptionResolver : Resolved [org.springframework.web.HttpMediaTypeNotSupportedException: Content-Type is not supported]
2024-08-13T22:28:34.878+03:00  WARN 102916 --- [EffectiveMobile] [http-nio-8080-exec-2] .w.s.m.s.DefaultHandlerExceptionResolver : Resolved [org.springframework.web.HttpMediaTypeNotSupportedException: Content-Type is not supported]
2024-08-13T22:35:24.656+03:00  INFO 102916 --- [EffectiveMobile] [SpringApplicationShutdownHook] j.LocalContainerEntityManagerFactoryBean : Closing JPA EntityManagerFactory for persistence unit 'default'
2024-08-13T22:35:24.821+03:00  INFO 102916 --- [EffectiveMobile] [SpringApplicationShutdownHook] com.zaxxer.hikari.HikariDataSource       : HikariPool-1 - Shutdown initiated...
2024-08-13T22:35:24.872+03:00  INFO 102916 --- [EffectiveMobile] [SpringApplicationShutdownHook] com.zaxxer.hikari.HikariDataSource       : HikariPool-1 - Shutdown completed.
